{"C:\\React_CDP\\react-cdp\\src\\App.js": {"path":"C:\\React_CDP\\react-cdp\\src\\App.js","statementMap":{"0":{"start":{"line":14,"column":12},"end":{"line":26,"column":1}},"1":{"start":{"line":15,"column":4},"end":{"line":25,"column":13}}},"fnMap":{"0":{"name":"(anonymous_0)","decl":{"start":{"line":14,"column":12},"end":{"line":14,"column":13}},"loc":{"start":{"line":15,"column":4},"end":{"line":25,"column":13}},"line":15}},"branchMap":{},"s":{"0":0,"1":0},"f":{"0":0},"b":{}}
,"C:\\React_CDP\\react-cdp\\src\\api.js": {"path":"C:\\React_CDP\\react-cdp\\src\\api.js","statementMap":{"0":{"start":{"line":3,"column":0},"end":{"line":3,"column":49}},"1":{"start":{"line":5,"column":26},"end":{"line":25,"column":1}},"2":{"start":{"line":7,"column":8},"end":{"line":7,"column":79}},"3":{"start":{"line":11,"column":8},"end":{"line":11,"column":67}},"4":{"start":{"line":15,"column":8},"end":{"line":15,"column":68}},"5":{"start":{"line":19,"column":8},"end":{"line":19,"column":67}},"6":{"start":{"line":23,"column":8},"end":{"line":23,"column":70}}},"fnMap":{"0":{"name":"(anonymous_0)","decl":{"start":{"line":6,"column":4},"end":{"line":6,"column":5}},"loc":{"start":{"line":6,"column":19},"end":{"line":8,"column":5}},"line":6},"1":{"name":"(anonymous_1)","decl":{"start":{"line":10,"column":4},"end":{"line":10,"column":5}},"loc":{"start":{"line":10,"column":17},"end":{"line":12,"column":5}},"line":10},"2":{"name":"(anonymous_2)","decl":{"start":{"line":14,"column":4},"end":{"line":14,"column":5}},"loc":{"start":{"line":14,"column":15},"end":{"line":16,"column":5}},"line":14},"3":{"name":"(anonymous_3)","decl":{"start":{"line":18,"column":4},"end":{"line":18,"column":5}},"loc":{"start":{"line":18,"column":14},"end":{"line":20,"column":5}},"line":18},"4":{"name":"(anonymous_4)","decl":{"start":{"line":22,"column":4},"end":{"line":22,"column":5}},"loc":{"start":{"line":22,"column":15},"end":{"line":24,"column":5}},"line":22}},"branchMap":{"0":{"loc":{"start":{"line":6,"column":8},"end":{"line":6,"column":17}},"type":"default-arg","locations":[{"start":{"line":6,"column":15},"end":{"line":6,"column":17}}],"line":6}},"s":{"0":8,"1":8,"2":0,"3":0,"4":0,"5":0,"6":0},"f":{"0":0,"1":0,"2":0,"3":0,"4":0},"b":{"0":[0]},"_coverageSchema":"1a1c01bbd47fc00a2c39e90264f33305004495a9","hash":"0eb95ced92c1c757611ee53b3cec6a871fc1d7cd"}
,"C:\\React_CDP\\react-cdp\\src\\index.js": {"path":"C:\\React_CDP\\react-cdp\\src\\index.js","statementMap":{"0":{"start":{"line":8,"column":0},"end":{"line":12,"column":33}}},"fnMap":{},"branchMap":{},"s":{"0":0},"f":{},"b":{}}
,"C:\\React_CDP\\react-cdp\\src\\Containers\\Header\\Header.js": {"path":"C:\\React_CDP\\react-cdp\\src\\Containers\\Header\\Header.js","statementMap":{"0":{"start":{"line":11,"column":15},"end":{"line":29,"column":1}},"1":{"start":{"line":12,"column":25},"end":{"line":12,"column":38}},"2":{"start":{"line":13,"column":21},"end":{"line":13,"column":34}},"3":{"start":{"line":14,"column":26},"end":{"line":14,"column":62}},"4":{"start":{"line":14,"column":34},"end":{"line":14,"column":60}},"5":{"start":{"line":16,"column":4},"end":{"line":28,"column":5}}},"fnMap":{"0":{"name":"(anonymous_0)","decl":{"start":{"line":11,"column":15},"end":{"line":11,"column":16}},"loc":{"start":{"line":11,"column":21},"end":{"line":29,"column":1}},"line":11},"1":{"name":"(anonymous_1)","decl":{"start":{"line":14,"column":26},"end":{"line":14,"column":27}},"loc":{"start":{"line":14,"column":32},"end":{"line":14,"column":62}},"line":14}},"branchMap":{"0":{"loc":{"start":{"line":21,"column":20},"end":{"line":24,"column":30}},"type":"cond-expr","locations":[{"start":{"line":21,"column":48},"end":{"line":21,"column":64}},{"start":{"line":22,"column":20},"end":{"line":24,"column":30}}],"line":21},"1":{"loc":{"start":{"line":22,"column":20},"end":{"line":24,"column":30}},"type":"cond-expr","locations":[{"start":{"line":23,"column":26},"end":{"line":23,"column":98}},{"start":{"line":24,"column":26},"end":{"line":24,"column":30}}],"line":22},"2":{"loc":{"start":{"line":22,"column":20},"end":{"line":22,"column":67}},"type":"binary-expr","locations":[{"start":{"line":22,"column":20},"end":{"line":22,"column":47}},{"start":{"line":22,"column":51},"end":{"line":22,"column":67}}],"line":22}},"s":{"0":0,"1":0,"2":0,"3":0,"4":0,"5":0},"f":{"0":0,"1":0},"b":{"0":[0,0],"1":[0,0],"2":[0,0]}}
,"C:\\React_CDP\\react-cdp\\src\\Containers\\MovieList\\MoviesList.js": {"path":"C:\\React_CDP\\react-cdp\\src\\Containers\\MovieList\\MoviesList.js","statementMap":{"0":{"start":{"line":9,"column":19},"end":{"line":39,"column":1}},"1":{"start":{"line":10,"column":21},"end":{"line":10,"column":34}},"2":{"start":{"line":11,"column":19},"end":{"line":11,"column":60}},"3":{"start":{"line":11,"column":40},"end":{"line":11,"column":59}},"4":{"start":{"line":12,"column":19},"end":{"line":12,"column":68}},"5":{"start":{"line":12,"column":40},"end":{"line":12,"column":67}},"6":{"start":{"line":13,"column":28},"end":{"line":13,"column":39}},"7":{"start":{"line":15,"column":4},"end":{"line":20,"column":21}},"8":{"start":{"line":16,"column":8},"end":{"line":19,"column":12}},"9":{"start":{"line":22,"column":4},"end":{"line":38,"column":5}},"10":{"start":{"line":27,"column":24},"end":{"line":30,"column":26}},"11":{"start":{"line":41,"column":0},"end":{"line":49,"column":2}}},"fnMap":{"0":{"name":"(anonymous_0)","decl":{"start":{"line":9,"column":19},"end":{"line":9,"column":20}},"loc":{"start":{"line":9,"column":25},"end":{"line":39,"column":1}},"line":9},"1":{"name":"(anonymous_1)","decl":{"start":{"line":11,"column":31},"end":{"line":11,"column":32}},"loc":{"start":{"line":11,"column":40},"end":{"line":11,"column":59}},"line":11},"2":{"name":"(anonymous_2)","decl":{"start":{"line":12,"column":31},"end":{"line":12,"column":32}},"loc":{"start":{"line":12,"column":40},"end":{"line":12,"column":67}},"line":12},"3":{"name":"(anonymous_3)","decl":{"start":{"line":15,"column":14},"end":{"line":15,"column":15}},"loc":{"start":{"line":15,"column":20},"end":{"line":20,"column":5}},"line":15},"4":{"name":"(anonymous_4)","decl":{"start":{"line":26,"column":32},"end":{"line":26,"column":33}},"loc":{"start":{"line":27,"column":24},"end":{"line":30,"column":26}},"line":27}},"branchMap":{"0":{"loc":{"start":{"line":18,"column":20},"end":{"line":18,"column":37}},"type":"binary-expr","locations":[{"start":{"line":18,"column":20},"end":{"line":18,"column":31}},{"start":{"line":18,"column":35},"end":{"line":18,"column":37}}],"line":18},"1":{"loc":{"start":{"line":24,"column":13},"end":{"line":35,"column":22}},"type":"cond-expr","locations":[{"start":{"line":25,"column":18},"end":{"line":32,"column":26}},{"start":{"line":33,"column":18},"end":{"line":35,"column":22}}],"line":24}},"s":{"0":0,"1":0,"2":0,"3":0,"4":0,"5":0,"6":0,"7":0,"8":0,"9":0,"10":0,"11":0},"f":{"0":0,"1":0,"2":0,"3":0,"4":0},"b":{"0":[0,0],"1":[0,0]}}
,"C:\\React_CDP\\react-cdp\\src\\Containers\\MoviesList\\TopContainer\\TopContainer.js": {"path":"C:\\React_CDP\\react-cdp\\src\\Containers\\MoviesList\\TopContainer\\TopContainer.js","statementMap":{"0":{"start":{"line":8,"column":28},"end":{"line":23,"column":1}},"1":{"start":{"line":9,"column":19},"end":{"line":9,"column":30}},"2":{"start":{"line":10,"column":21},"end":{"line":10,"column":34}},"3":{"start":{"line":12,"column":4},"end":{"line":16,"column":11}},"4":{"start":{"line":13,"column":8},"end":{"line":15,"column":9}},"5":{"start":{"line":14,"column":12},"end":{"line":14,"column":35}},"6":{"start":{"line":18,"column":4},"end":{"line":22,"column":5}}},"fnMap":{"0":{"name":"(anonymous_0)","decl":{"start":{"line":8,"column":28},"end":{"line":8,"column":29}},"loc":{"start":{"line":8,"column":34},"end":{"line":23,"column":1}},"line":8},"1":{"name":"(anonymous_1)","decl":{"start":{"line":12,"column":14},"end":{"line":12,"column":15}},"loc":{"start":{"line":12,"column":20},"end":{"line":16,"column":5}},"line":12}},"branchMap":{"0":{"loc":{"start":{"line":13,"column":8},"end":{"line":15,"column":9}},"type":"if","locations":[{"start":{"line":13,"column":8},"end":{"line":15,"column":9}},{"start":{"line":13,"column":8},"end":{"line":15,"column":9}}],"line":13},"1":{"loc":{"start":{"line":20,"column":14},"end":{"line":20,"column":45}},"type":"cond-expr","locations":[{"start":{"line":20,"column":19},"end":{"line":20,"column":34}},{"start":{"line":20,"column":37},"end":{"line":20,"column":45}}],"line":20}},"s":{"0":0,"1":0,"2":0,"3":0,"4":0,"5":0,"6":0},"f":{"0":0,"1":0},"b":{"0":[0,0],"1":[0,0]}}
,"C:\\React_CDP\\react-cdp\\src\\components\\BackgroundImage\\BackgroundImage.js": {"path":"C:\\React_CDP\\react-cdp\\src\\components\\BackgroundImage\\BackgroundImage.js","statementMap":{"0":{"start":{"line":5,"column":24},"end":{"line":9,"column":1}},"1":{"start":{"line":6,"column":4},"end":{"line":8,"column":11}},"2":{"start":{"line":11,"column":0},"end":{"line":13,"column":2}},"3":{"start":{"line":15,"column":0},"end":{"line":18,"column":2}}},"fnMap":{"0":{"name":"(anonymous_0)","decl":{"start":{"line":5,"column":24},"end":{"line":5,"column":25}},"loc":{"start":{"line":6,"column":4},"end":{"line":8,"column":11}},"line":6}},"branchMap":{},"s":{"0":0,"1":0,"2":0,"3":0},"f":{"0":0},"b":{}}
,"C:\\React_CDP\\react-cdp\\src\\components\\Button\\Button.js": {"path":"C:\\React_CDP\\react-cdp\\src\\components\\Button\\Button.js","statementMap":{"0":{"start":{"line":5,"column":15},"end":{"line":13,"column":1}},"1":{"start":{"line":6,"column":22},"end":{"line":6,"column":41}},"2":{"start":{"line":8,"column":4},"end":{"line":12,"column":5}},"3":{"start":{"line":15,"column":0},"end":{"line":17,"column":2}},"4":{"start":{"line":19,"column":0},"end":{"line":22,"column":2}}},"fnMap":{"0":{"name":"(anonymous_0)","decl":{"start":{"line":5,"column":15},"end":{"line":5,"column":16}},"loc":{"start":{"line":5,"column":50},"end":{"line":13,"column":1}},"line":5}},"branchMap":{},"s":{"0":2,"1":9,"2":9,"3":2,"4":2},"f":{"0":9},"b":{},"_coverageSchema":"1a1c01bbd47fc00a2c39e90264f33305004495a9","hash":"0eb26b1dbb3a2312bfb3fbb0a74bf39ec7b52583"}
,"C:\\React_CDP\\react-cdp\\src\\components\\DeleteMovieMessage\\DeleteMovieMessage.js": {"path":"C:\\React_CDP\\react-cdp\\src\\components\\DeleteMovieMessage\\DeleteMovieMessage.js","statementMap":{"0":{"start":{"line":7,"column":14},"end":{"line":11,"column":1}},"1":{"start":{"line":13,"column":27},"end":{"line":29,"column":1}},"2":{"start":{"line":14,"column":21},"end":{"line":14,"column":34}},"3":{"start":{"line":15,"column":28},"end":{"line":17,"column":5}},"4":{"start":{"line":16,"column":8},"end":{"line":16,"column":39}},"5":{"start":{"line":18,"column":4},"end":{"line":28,"column":5}},"6":{"start":{"line":31,"column":0},"end":{"line":33,"column":2}},"7":{"start":{"line":35,"column":0},"end":{"line":38,"column":2}}},"fnMap":{"0":{"name":"(anonymous_0)","decl":{"start":{"line":13,"column":27},"end":{"line":13,"column":28}},"loc":{"start":{"line":13,"column":51},"end":{"line":29,"column":1}},"line":13},"1":{"name":"(anonymous_1)","decl":{"start":{"line":15,"column":28},"end":{"line":15,"column":29}},"loc":{"start":{"line":15,"column":34},"end":{"line":17,"column":5}},"line":15}},"branchMap":{},"s":{"0":0,"1":0,"2":0,"3":0,"4":0,"5":0,"6":0,"7":0},"f":{"0":0,"1":0},"b":{}}
,"C:\\React_CDP\\react-cdp\\src\\components\\ErrorBoundary\\ErrorBoundary.js": {"path":"C:\\React_CDP\\react-cdp\\src\\components\\ErrorBoundary\\ErrorBoundary.js","statementMap":{"0":{"start":{"line":5,"column":8},"end":{"line":5,"column":21}},"1":{"start":{"line":6,"column":8},"end":{"line":6,"column":41}},"2":{"start":{"line":10,"column":8},"end":{"line":10,"column":34}},"3":{"start":{"line":14,"column":8},"end":{"line":14,"column":47}},"4":{"start":{"line":18,"column":8},"end":{"line":18,"column":79}}},"fnMap":{"0":{"name":"(anonymous_0)","decl":{"start":{"line":4,"column":4},"end":{"line":4,"column":5}},"loc":{"start":{"line":4,"column":23},"end":{"line":7,"column":5}},"line":4},"1":{"name":"(anonymous_1)","decl":{"start":{"line":9,"column":4},"end":{"line":9,"column":5}},"loc":{"start":{"line":9,"column":43},"end":{"line":11,"column":5}},"line":9},"2":{"name":"(anonymous_2)","decl":{"start":{"line":13,"column":4},"end":{"line":13,"column":5}},"loc":{"start":{"line":13,"column":19},"end":{"line":15,"column":5}},"line":13},"3":{"name":"(anonymous_3)","decl":{"start":{"line":17,"column":4},"end":{"line":17,"column":5}},"loc":{"start":{"line":17,"column":13},"end":{"line":19,"column":5}},"line":17}},"branchMap":{"0":{"loc":{"start":{"line":18,"column":15},"end":{"line":18,"column":78}},"type":"cond-expr","locations":[{"start":{"line":18,"column":37},"end":{"line":18,"column":56}},{"start":{"line":18,"column":59},"end":{"line":18,"column":78}}],"line":18}},"s":{"0":0,"1":0,"2":0,"3":0,"4":0},"f":{"0":0,"1":0,"2":0,"3":0},"b":{"0":[0,0]}}
,"C:\\React_CDP\\react-cdp\\src\\components\\Filters\\FilterItem.js": {"path":"C:\\React_CDP\\react-cdp\\src\\components\\Filters\\FilterItem.js","statementMap":{"0":{"start":{"line":4,"column":19},"end":{"line":8,"column":1}},"1":{"start":{"line":5,"column":4},"end":{"line":7,"column":9}},"2":{"start":{"line":10,"column":0},"end":{"line":14,"column":2}}},"fnMap":{"0":{"name":"(anonymous_0)","decl":{"start":{"line":4,"column":19},"end":{"line":4,"column":20}},"loc":{"start":{"line":5,"column":4},"end":{"line":7,"column":9}},"line":5}},"branchMap":{"0":{"loc":{"start":{"line":5,"column":35},"end":{"line":5,"column":55}},"type":"binary-expr","locations":[{"start":{"line":5,"column":35},"end":{"line":5,"column":43}},{"start":{"line":5,"column":47},"end":{"line":5,"column":55}}],"line":5}},"s":{"0":0,"1":0,"2":0},"f":{"0":0},"b":{"0":[0,0]}}
,"C:\\React_CDP\\react-cdp\\src\\components\\Filters\\Filters.js": {"path":"C:\\React_CDP\\react-cdp\\src\\components\\Filters\\Filters.js","statementMap":{"0":{"start":{"line":7,"column":16},"end":{"line":83,"column":1}},"1":{"start":{"line":8,"column":40},"end":{"line":53,"column":6}},"2":{"start":{"line":55,"column":27},"end":{"line":55,"column":76}},"3":{"start":{"line":55,"column":48},"end":{"line":55,"column":75}},"4":{"start":{"line":56,"column":21},"end":{"line":56,"column":34}},"5":{"start":{"line":58,"column":26},"end":{"line":69,"column":5}},"6":{"start":{"line":59,"column":8},"end":{"line":59,"column":27}},"7":{"start":{"line":60,"column":22},"end":{"line":60,"column":57}},"8":{"start":{"line":61,"column":8},"end":{"line":64,"column":13}},"9":{"start":{"line":61,"column":46},"end":{"line":64,"column":9}},"10":{"start":{"line":65,"column":8},"end":{"line":68,"column":11}},"11":{"start":{"line":71,"column":4},"end":{"line":82,"column":5}},"12":{"start":{"line":74,"column":16},"end":{"line":79,"column":18}}},"fnMap":{"0":{"name":"(anonymous_0)","decl":{"start":{"line":7,"column":16},"end":{"line":7,"column":17}},"loc":{"start":{"line":7,"column":22},"end":{"line":83,"column":1}},"line":7},"1":{"name":"(anonymous_1)","decl":{"start":{"line":55,"column":39},"end":{"line":55,"column":40}},"loc":{"start":{"line":55,"column":48},"end":{"line":55,"column":75}},"line":55},"2":{"name":"(anonymous_2)","decl":{"start":{"line":58,"column":26},"end":{"line":58,"column":27}},"loc":{"start":{"line":58,"column":31},"end":{"line":69,"column":5}},"line":58},"3":{"name":"(anonymous_3)","decl":{"start":{"line":61,"column":37},"end":{"line":61,"column":38}},"loc":{"start":{"line":61,"column":46},"end":{"line":64,"column":9}},"line":61},"4":{"name":"(anonymous_4)","decl":{"start":{"line":73,"column":28},"end":{"line":73,"column":29}},"loc":{"start":{"line":74,"column":16},"end":{"line":79,"column":18}},"line":74}},"branchMap":{"0":{"loc":{"start":{"line":67,"column":20},"end":{"line":67,"column":50}},"type":"cond-expr","locations":[{"start":{"line":67,"column":40},"end":{"line":67,"column":42}},{"start":{"line":67,"column":45},"end":{"line":67,"column":50}}],"line":67}},"s":{"0":0,"1":0,"2":0,"3":0,"4":0,"5":0,"6":0,"7":0,"8":0,"9":0,"10":0,"11":0,"12":0},"f":{"0":0,"1":0,"2":0,"3":0,"4":0},"b":{"0":[0,0]}}
,"C:\\React_CDP\\react-cdp\\src\\components\\Hero\\Hero.js": {"path":"C:\\React_CDP\\react-cdp\\src\\components\\Hero\\Hero.js","statementMap":{"0":{"start":{"line":8,"column":13},"end":{"line":16,"column":1}},"1":{"start":{"line":9,"column":4},"end":{"line":15,"column":14}}},"fnMap":{"0":{"name":"(anonymous_0)","decl":{"start":{"line":8,"column":13},"end":{"line":8,"column":14}},"loc":{"start":{"line":9,"column":4},"end":{"line":15,"column":14}},"line":9}},"branchMap":{},"s":{"0":0,"1":0},"f":{"0":0},"b":{}}
,"C:\\React_CDP\\react-cdp\\src\\components\\Hooks\\useToggle.js": {"path":"C:\\React_CDP\\react-cdp\\src\\components\\Hooks\\useToggle.js","statementMap":{"0":{"start":{"line":3,"column":25},"end":{"line":11,"column":1}},"1":{"start":{"line":4,"column":28},"end":{"line":4,"column":50}},"2":{"start":{"line":6,"column":19},"end":{"line":8,"column":14}},"3":{"start":{"line":7,"column":8},"end":{"line":7,"column":23}},"4":{"start":{"line":10,"column":4},"end":{"line":10,"column":25}}},"fnMap":{"0":{"name":"(anonymous_0)","decl":{"start":{"line":3,"column":25},"end":{"line":3,"column":26}},"loc":{"start":{"line":3,"column":51},"end":{"line":11,"column":1}},"line":3},"1":{"name":"(anonymous_1)","decl":{"start":{"line":6,"column":31},"end":{"line":6,"column":32}},"loc":{"start":{"line":6,"column":37},"end":{"line":8,"column":5}},"line":6}},"branchMap":{"0":{"loc":{"start":{"line":3,"column":26},"end":{"line":3,"column":46}},"type":"default-arg","locations":[{"start":{"line":3,"column":41},"end":{"line":3,"column":46}}],"line":3}},"s":{"0":0,"1":0,"2":0,"3":0,"4":0},"f":{"0":0,"1":0},"b":{"0":[0]}}
,"C:\\React_CDP\\react-cdp\\src\\components\\Icon\\Icon.js": {"path":"C:\\React_CDP\\react-cdp\\src\\components\\Icon\\Icon.js","statementMap":{"0":{"start":{"line":6,"column":13},"end":{"line":14,"column":1}},"1":{"start":{"line":7,"column":4},"end":{"line":13,"column":6}},"2":{"start":{"line":16,"column":0},"end":{"line":19,"column":1}},"3":{"start":{"line":21,"column":0},"end":{"line":25,"column":1}}},"fnMap":{"0":{"name":"(anonymous_0)","decl":{"start":{"line":6,"column":13},"end":{"line":6,"column":14}},"loc":{"start":{"line":7,"column":4},"end":{"line":13,"column":6}},"line":7}},"branchMap":{},"s":{"0":0,"1":0,"2":0,"3":0},"f":{"0":0},"b":{}}
,"C:\\React_CDP\\react-cdp\\src\\components\\Modal\\Modal.js": {"path":"C:\\React_CDP\\react-cdp\\src\\components\\Modal\\Modal.js","statementMap":{"0":{"start":{"line":8,"column":14},"end":{"line":40,"column":1}},"1":{"start":{"line":9,"column":21},"end":{"line":9,"column":29}},"2":{"start":{"line":10,"column":21},"end":{"line":10,"column":34}},"3":{"start":{"line":12,"column":4},"end":{"line":16,"column":11}},"4":{"start":{"line":13,"column":8},"end":{"line":13,"column":50}},"5":{"start":{"line":15,"column":8},"end":{"line":15,"column":66}},"6":{"start":{"line":15,"column":21},"end":{"line":15,"column":65}},"7":{"start":{"line":18,"column":32},"end":{"line":22,"column":5}},"8":{"start":{"line":19,"column":8},"end":{"line":21,"column":9}},"9":{"start":{"line":20,"column":12},"end":{"line":20,"column":34}},"10":{"start":{"line":24,"column":23},"end":{"line":26,"column":5}},"11":{"start":{"line":25,"column":8},"end":{"line":25,"column":30}},"12":{"start":{"line":29,"column":8},"end":{"line":36,"column":14}},"13":{"start":{"line":39,"column":4},"end":{"line":39,"column":55}}},"fnMap":{"0":{"name":"(anonymous_0)","decl":{"start":{"line":8,"column":14},"end":{"line":8,"column":15}},"loc":{"start":{"line":8,"column":32},"end":{"line":40,"column":1}},"line":8},"1":{"name":"(anonymous_1)","decl":{"start":{"line":12,"column":14},"end":{"line":12,"column":15}},"loc":{"start":{"line":12,"column":20},"end":{"line":16,"column":5}},"line":12},"2":{"name":"(anonymous_2)","decl":{"start":{"line":15,"column":15},"end":{"line":15,"column":16}},"loc":{"start":{"line":15,"column":21},"end":{"line":15,"column":65}},"line":15},"3":{"name":"(anonymous_3)","decl":{"start":{"line":18,"column":32},"end":{"line":18,"column":33}},"loc":{"start":{"line":18,"column":37},"end":{"line":22,"column":5}},"line":18},"4":{"name":"(anonymous_4)","decl":{"start":{"line":24,"column":23},"end":{"line":24,"column":24}},"loc":{"start":{"line":24,"column":29},"end":{"line":26,"column":5}},"line":24}},"branchMap":{"0":{"loc":{"start":{"line":19,"column":8},"end":{"line":21,"column":9}},"type":"if","locations":[{"start":{"line":19,"column":8},"end":{"line":21,"column":9}},{"start":{"line":19,"column":8},"end":{"line":21,"column":9}}],"line":19}},"s":{"0":0,"1":0,"2":0,"3":0,"4":0,"5":0,"6":0,"7":0,"8":0,"9":0,"10":0,"11":0,"12":0,"13":0},"f":{"0":0,"1":0,"2":0,"3":0,"4":0},"b":{"0":[0,0]}}
,"C:\\React_CDP\\react-cdp\\src\\components\\ModalContentManager\\ModalContentManager.js": {"path":"C:\\React_CDP\\react-cdp\\src\\components\\ModalContentManager\\ModalContentManager.js","statementMap":{"0":{"start":{"line":8,"column":28},"end":{"line":43,"column":1}},"1":{"start":{"line":9,"column":19},"end":{"line":9,"column":62}},"2":{"start":{"line":9,"column":40},"end":{"line":9,"column":61}},"3":{"start":{"line":10,"column":30},"end":{"line":10,"column":73}},"4":{"start":{"line":10,"column":51},"end":{"line":10,"column":72}},"5":{"start":{"line":11,"column":19},"end":{"line":11,"column":60}},"6":{"start":{"line":11,"column":40},"end":{"line":11,"column":59}},"7":{"start":{"line":13,"column":20},"end":{"line":28,"column":5}},"8":{"start":{"line":14,"column":8},"end":{"line":27,"column":9}},"9":{"start":{"line":16,"column":16},"end":{"line":16,"column":71}},"10":{"start":{"line":19,"column":16},"end":{"line":19,"column":47}},"11":{"start":{"line":22,"column":16},"end":{"line":22,"column":58}},"12":{"start":{"line":25,"column":16},"end":{"line":25,"column":46}},"13":{"start":{"line":30,"column":21},"end":{"line":32,"column":5}},"14":{"start":{"line":31,"column":8},"end":{"line":31,"column":58}},"15":{"start":{"line":31,"column":38},"end":{"line":31,"column":53}},"16":{"start":{"line":34,"column":4},"end":{"line":42,"column":5}}},"fnMap":{"0":{"name":"(anonymous_0)","decl":{"start":{"line":8,"column":28},"end":{"line":8,"column":29}},"loc":{"start":{"line":8,"column":34},"end":{"line":43,"column":1}},"line":8},"1":{"name":"(anonymous_1)","decl":{"start":{"line":9,"column":31},"end":{"line":9,"column":32}},"loc":{"start":{"line":9,"column":40},"end":{"line":9,"column":61}},"line":9},"2":{"name":"(anonymous_2)","decl":{"start":{"line":10,"column":42},"end":{"line":10,"column":43}},"loc":{"start":{"line":10,"column":51},"end":{"line":10,"column":72}},"line":10},"3":{"name":"(anonymous_3)","decl":{"start":{"line":11,"column":31},"end":{"line":11,"column":32}},"loc":{"start":{"line":11,"column":40},"end":{"line":11,"column":59}},"line":11},"4":{"name":"(anonymous_4)","decl":{"start":{"line":13,"column":20},"end":{"line":13,"column":21}},"loc":{"start":{"line":13,"column":26},"end":{"line":28,"column":5}},"line":13},"5":{"name":"(anonymous_5)","decl":{"start":{"line":30,"column":21},"end":{"line":30,"column":22}},"loc":{"start":{"line":30,"column":29},"end":{"line":32,"column":5}},"line":30},"6":{"name":"(anonymous_6)","decl":{"start":{"line":31,"column":29},"end":{"line":31,"column":30}},"loc":{"start":{"line":31,"column":38},"end":{"line":31,"column":53}},"line":31}},"branchMap":{"0":{"loc":{"start":{"line":10,"column":17},"end":{"line":10,"column":26}},"type":"default-arg","locations":[{"start":{"line":10,"column":22},"end":{"line":10,"column":26}}],"line":10},"1":{"loc":{"start":{"line":14,"column":8},"end":{"line":27,"column":9}},"type":"switch","locations":[{"start":{"line":15,"column":12},"end":{"line":17,"column":13}},{"start":{"line":18,"column":12},"end":{"line":20,"column":13}},{"start":{"line":21,"column":12},"end":{"line":23,"column":13}},{"start":{"line":24,"column":12},"end":{"line":26,"column":13}}],"line":14},"2":{"loc":{"start":{"line":36,"column":13},"end":{"line":39,"column":24}},"type":"binary-expr","locations":[{"start":{"line":36,"column":13},"end":{"line":36,"column":19}},{"start":{"line":37,"column":16},"end":{"line":39,"column":24}}],"line":36}},"s":{"0":0,"1":0,"2":0,"3":0,"4":0,"5":0,"6":0,"7":0,"8":0,"9":0,"10":0,"11":0,"12":0,"13":0,"14":0,"15":0,"16":0},"f":{"0":0,"1":0,"2":0,"3":0,"4":0,"5":0,"6":0},"b":{"0":[0],"1":[0,0,0,0],"2":[0,0]}}
,"C:\\React_CDP\\react-cdp\\src\\components\\MovieCard\\MovieCard.js": {"path":"C:\\React_CDP\\react-cdp\\src\\components\\MovieCard\\MovieCard.js","statementMap":{"0":{"start":{"line":9,"column":18},"end":{"line":30,"column":1}},"1":{"start":{"line":10,"column":82},"end":{"line":10,"column":87}},"2":{"start":{"line":11,"column":20},"end":{"line":11,"column":32}},"3":{"start":{"line":13,"column":24},"end":{"line":15,"column":5}},"4":{"start":{"line":14,"column":8},"end":{"line":14,"column":35}},"5":{"start":{"line":17,"column":4},"end":{"line":29,"column":5}},"6":{"start":{"line":32,"column":0},"end":{"line":40,"column":2}}},"fnMap":{"0":{"name":"(anonymous_0)","decl":{"start":{"line":9,"column":18},"end":{"line":9,"column":19}},"loc":{"start":{"line":9,"column":33},"end":{"line":30,"column":1}},"line":9},"1":{"name":"(anonymous_1)","decl":{"start":{"line":13,"column":24},"end":{"line":13,"column":25}},"loc":{"start":{"line":13,"column":30},"end":{"line":15,"column":5}},"line":13}},"branchMap":{},"s":{"0":0,"1":0,"2":0,"3":0,"4":0,"5":0,"6":0},"f":{"0":0,"1":0},"b":{}}
,"C:\\React_CDP\\react-cdp\\src\\components\\MovieCard\\MoviePoster.js": {"path":"C:\\React_CDP\\react-cdp\\src\\components\\MovieCard\\MoviePoster.js","statementMap":{"0":{"start":{"line":5,"column":20},"end":{"line":11,"column":1}},"1":{"start":{"line":6,"column":26},"end":{"line":8,"column":9}},"2":{"start":{"line":7,"column":8},"end":{"line":7,"column":32}},"3":{"start":{"line":10,"column":4},"end":{"line":10,"column":136}},"4":{"start":{"line":13,"column":0},"end":{"line":16,"column":2}}},"fnMap":{"0":{"name":"(anonymous_0)","decl":{"start":{"line":5,"column":20},"end":{"line":5,"column":21}},"loc":{"start":{"line":5,"column":49},"end":{"line":11,"column":1}},"line":5},"1":{"name":"(anonymous_1)","decl":{"start":{"line":6,"column":38},"end":{"line":6,"column":39}},"loc":{"start":{"line":6,"column":45},"end":{"line":8,"column":5}},"line":6}},"branchMap":{"0":{"loc":{"start":{"line":10,"column":50},"end":{"line":10,"column":74}},"type":"cond-expr","locations":[{"start":{"line":10,"column":60},"end":{"line":10,"column":67}},{"start":{"line":10,"column":70},"end":{"line":10,"column":74}}],"line":10},"1":{"loc":{"start":{"line":10,"column":81},"end":{"line":10,"column":99}},"type":"binary-expr","locations":[{"start":{"line":10,"column":81},"end":{"line":10,"column":87}},{"start":{"line":10,"column":91},"end":{"line":10,"column":99}}],"line":10}},"s":{"0":0,"1":0,"2":0,"3":0,"4":0},"f":{"0":0,"1":0},"b":{"0":[0,0],"1":[0,0]}}
,"C:\\React_CDP\\react-cdp\\src\\components\\MovieCard\\MovieTitle.js": {"path":"C:\\React_CDP\\react-cdp\\src\\components\\MovieCard\\MovieTitle.js","statementMap":{"0":{"start":{"line":4,"column":19},"end":{"line":6,"column":1}},"1":{"start":{"line":5,"column":4},"end":{"line":5,"column":44}},"2":{"start":{"line":8,"column":0},"end":{"line":10,"column":2}}},"fnMap":{"0":{"name":"(anonymous_0)","decl":{"start":{"line":4,"column":19},"end":{"line":4,"column":20}},"loc":{"start":{"line":5,"column":4},"end":{"line":5,"column":44}},"line":5}},"branchMap":{},"s":{"0":0,"1":0,"2":0},"f":{"0":0},"b":{}}
,"C:\\React_CDP\\react-cdp\\src\\components\\MovieCard\\MovieActionBubble\\MovieActionBubble.js": {"path":"C:\\React_CDP\\react-cdp\\src\\components\\MovieCard\\MovieActionBubble\\MovieActionBubble.js","statementMap":{"0":{"start":{"line":8,"column":26},"end":{"line":24,"column":1}},"1":{"start":{"line":9,"column":38},"end":{"line":9,"column":54}},"2":{"start":{"line":11,"column":4},"end":{"line":23,"column":5}},"3":{"start":{"line":26,"column":0},"end":{"line":28,"column":2}}},"fnMap":{"0":{"name":"(anonymous_0)","decl":{"start":{"line":8,"column":26},"end":{"line":8,"column":27}},"loc":{"start":{"line":8,"column":43},"end":{"line":24,"column":1}},"line":8}},"branchMap":{"0":{"loc":{"start":{"line":16,"column":13},"end":{"line":20,"column":18}},"type":"binary-expr","locations":[{"start":{"line":16,"column":13},"end":{"line":16,"column":23}},{"start":{"line":17,"column":16},"end":{"line":20,"column":18}}],"line":16}},"s":{"0":0,"1":0,"2":0,"3":0},"f":{"0":0},"b":{"0":[0,0]}}
,"C:\\React_CDP\\react-cdp\\src\\components\\MovieCard\\MovieActionDrop\\MovieActionDrop.js": {"path":"C:\\React_CDP\\react-cdp\\src\\components\\MovieCard\\MovieActionDrop\\MovieActionDrop.js","statementMap":{"0":{"start":{"line":8,"column":24},"end":{"line":25,"column":1}},"1":{"start":{"line":9,"column":21},"end":{"line":9,"column":34}},"2":{"start":{"line":11,"column":25},"end":{"line":14,"column":5}},"3":{"start":{"line":12,"column":8},"end":{"line":12,"column":22}},"4":{"start":{"line":13,"column":8},"end":{"line":13,"column":43}},"5":{"start":{"line":16,"column":4},"end":{"line":24,"column":5}},"6":{"start":{"line":21,"column":35},"end":{"line":21,"column":55}},"7":{"start":{"line":22,"column":35},"end":{"line":22,"column":57}},"8":{"start":{"line":27,"column":0},"end":{"line":30,"column":2}}},"fnMap":{"0":{"name":"(anonymous_0)","decl":{"start":{"line":8,"column":24},"end":{"line":8,"column":25}},"loc":{"start":{"line":8,"column":54},"end":{"line":25,"column":1}},"line":8},"1":{"name":"(anonymous_1)","decl":{"start":{"line":11,"column":25},"end":{"line":11,"column":26}},"loc":{"start":{"line":11,"column":35},"end":{"line":14,"column":5}},"line":11},"2":{"name":"(anonymous_2)","decl":{"start":{"line":21,"column":29},"end":{"line":21,"column":30}},"loc":{"start":{"line":21,"column":35},"end":{"line":21,"column":55}},"line":21},"3":{"name":"(anonymous_3)","decl":{"start":{"line":22,"column":29},"end":{"line":22,"column":30}},"loc":{"start":{"line":22,"column":35},"end":{"line":22,"column":57}},"line":22}},"branchMap":{},"s":{"0":0,"1":0,"2":0,"3":0,"4":0,"5":0,"6":0,"7":0,"8":0},"f":{"0":0,"1":0,"2":0,"3":0},"b":{}}
,"C:\\React_CDP\\react-cdp\\src\\components\\MovieDetails\\MovieDetails.js": {"path":"C:\\React_CDP\\react-cdp\\src\\components\\MovieDetails\\MovieDetails.js","statementMap":{"0":{"start":{"line":11,"column":20},"end":{"line":36,"column":1}},"1":{"start":{"line":12,"column":18},"end":{"line":12,"column":65}},"2":{"start":{"line":12,"column":39},"end":{"line":12,"column":64}},"3":{"start":{"line":14,"column":91},"end":{"line":14,"column":102}},"4":{"start":{"line":16,"column":4},"end":{"line":35,"column":5}},"5":{"start":{"line":38,"column":0},"end":{"line":48,"column":2}}},"fnMap":{"0":{"name":"(anonymous_0)","decl":{"start":{"line":11,"column":20},"end":{"line":11,"column":21}},"loc":{"start":{"line":11,"column":26},"end":{"line":36,"column":1}},"line":11},"1":{"name":"(anonymous_1)","decl":{"start":{"line":12,"column":30},"end":{"line":12,"column":31}},"loc":{"start":{"line":12,"column":39},"end":{"line":12,"column":64}},"line":12}},"branchMap":{"0":{"loc":{"start":{"line":14,"column":91},"end":{"line":14,"column":102}},"type":"binary-expr","locations":[{"start":{"line":14,"column":91},"end":{"line":14,"column":96}},{"start":{"line":14,"column":100},"end":{"line":14,"column":102}}],"line":14},"1":{"loc":{"start":{"line":18,"column":14},"end":{"line":32,"column":22}},"type":"binary-expr","locations":[{"start":{"line":18,"column":14},"end":{"line":18,"column":19}},{"start":{"line":19,"column":12},"end":{"line":32,"column":22}}],"line":18},"2":{"loc":{"start":{"line":28,"column":25},"end":{"line":28,"column":97}},"type":"binary-expr","locations":[{"start":{"line":28,"column":25},"end":{"line":28,"column":32}},{"start":{"line":28,"column":36},"end":{"line":28,"column":97}}],"line":28}},"s":{"0":0,"1":0,"2":0,"3":0,"4":0,"5":0},"f":{"0":0,"1":0},"b":{"0":[0,0],"1":[0,0],"2":[0,0]}}
,"C:\\React_CDP\\react-cdp\\src\\components\\MovieForm\\MovieForm.js": {"path":"C:\\React_CDP\\react-cdp\\src\\components\\MovieForm\\MovieForm.js","statementMap":{"0":{"start":{"line":15,"column":18},"end":{"line":179,"column":1}},"1":{"start":{"line":16,"column":28},"end":{"line":16,"column":157}},"2":{"start":{"line":17,"column":21},"end":{"line":17,"column":34}},"3":{"start":{"line":19,"column":28},"end":{"line":44,"column":6}},"4":{"start":{"line":46,"column":21},"end":{"line":56,"column":5}},"5":{"start":{"line":47,"column":27},"end":{"line":49,"column":10}},"6":{"start":{"line":51,"column":8},"end":{"line":55,"column":9}},"7":{"start":{"line":52,"column":12},"end":{"line":52,"column":43}},"8":{"start":{"line":54,"column":12},"end":{"line":54,"column":70}},"9":{"start":{"line":58,"column":4},"end":{"line":178,"column":5}},"10":{"start":{"line":73,"column":39},"end":{"line":73,"column":55}},"11":{"start":{"line":81,"column":20},"end":{"line":174,"column":27}},"12":{"start":{"line":116,"column":50},"end":{"line":116,"column":85}},"13":{"start":{"line":117,"column":50},"end":{"line":117,"column":85}}},"fnMap":{"0":{"name":"(anonymous_0)","decl":{"start":{"line":15,"column":18},"end":{"line":15,"column":19}},"loc":{"start":{"line":15,"column":44},"end":{"line":179,"column":1}},"line":15},"1":{"name":"(anonymous_1)","decl":{"start":{"line":46,"column":21},"end":{"line":46,"column":22}},"loc":{"start":{"line":46,"column":33},"end":{"line":56,"column":5}},"line":46},"2":{"name":"(anonymous_2)","decl":{"start":{"line":73,"column":29},"end":{"line":73,"column":30}},"loc":{"start":{"line":73,"column":39},"end":{"line":73,"column":55}},"line":73},"3":{"name":"(anonymous_3)","decl":{"start":{"line":75,"column":17},"end":{"line":75,"column":18}},"loc":{"start":{"line":81,"column":20},"end":{"line":174,"column":27}},"line":81},"4":{"name":"(anonymous_4)","decl":{"start":{"line":116,"column":42},"end":{"line":116,"column":43}},"loc":{"start":{"line":116,"column":50},"end":{"line":116,"column":85}},"line":116},"5":{"name":"(anonymous_5)","decl":{"start":{"line":117,"column":42},"end":{"line":117,"column":43}},"loc":{"start":{"line":117,"column":50},"end":{"line":117,"column":85}},"line":117}},"branchMap":{"0":{"loc":{"start":{"line":15,"column":21},"end":{"line":15,"column":31}},"type":"default-arg","locations":[{"start":{"line":15,"column":29},"end":{"line":15,"column":31}}],"line":15},"1":{"loc":{"start":{"line":51,"column":8},"end":{"line":55,"column":9}},"type":"if","locations":[{"start":{"line":51,"column":8},"end":{"line":55,"column":9}},{"start":{"line":51,"column":8},"end":{"line":55,"column":9}}],"line":51},"2":{"loc":{"start":{"line":63,"column":34},"end":{"line":63,"column":96}},"type":"cond-expr","locations":[{"start":{"line":63,"column":55},"end":{"line":63,"column":83}},{"start":{"line":63,"column":86},"end":{"line":63,"column":96}}],"line":63},"3":{"loc":{"start":{"line":64,"column":27},"end":{"line":64,"column":44}},"type":"binary-expr","locations":[{"start":{"line":64,"column":27},"end":{"line":64,"column":38}},{"start":{"line":64,"column":42},"end":{"line":64,"column":44}}],"line":64},"4":{"loc":{"start":{"line":65,"column":29},"end":{"line":65,"column":48}},"type":"binary-expr","locations":[{"start":{"line":65,"column":29},"end":{"line":65,"column":42}},{"start":{"line":65,"column":46},"end":{"line":65,"column":48}}],"line":65},"5":{"loc":{"start":{"line":66,"column":34},"end":{"line":66,"column":58}},"type":"binary-expr","locations":[{"start":{"line":66,"column":34},"end":{"line":66,"column":52}},{"start":{"line":66,"column":56},"end":{"line":66,"column":58}}],"line":66},"6":{"loc":{"start":{"line":67,"column":33},"end":{"line":67,"column":56}},"type":"binary-expr","locations":[{"start":{"line":67,"column":33},"end":{"line":67,"column":50}},{"start":{"line":67,"column":54},"end":{"line":67,"column":56}}],"line":67},"7":{"loc":{"start":{"line":68,"column":30},"end":{"line":68,"column":50}},"type":"binary-expr","locations":[{"start":{"line":68,"column":30},"end":{"line":68,"column":44}},{"start":{"line":68,"column":48},"end":{"line":68,"column":50}}],"line":68},"8":{"loc":{"start":{"line":69,"column":28},"end":{"line":69,"column":46}},"type":"binary-expr","locations":[{"start":{"line":69,"column":28},"end":{"line":69,"column":40}},{"start":{"line":69,"column":44},"end":{"line":69,"column":46}}],"line":69},"9":{"loc":{"start":{"line":70,"column":29},"end":{"line":70,"column":48}},"type":"binary-expr","locations":[{"start":{"line":70,"column":29},"end":{"line":70,"column":42}},{"start":{"line":70,"column":46},"end":{"line":70,"column":48}}],"line":70},"10":{"loc":{"start":{"line":82,"column":25},"end":{"line":87,"column":38}},"type":"binary-expr","locations":[{"start":{"line":82,"column":25},"end":{"line":82,"column":40}},{"start":{"line":82,"column":44},"end":{"line":87,"column":38}}],"line":82}},"s":{"0":1,"1":1,"2":1,"3":1,"4":1,"5":0,"6":0,"7":0,"8":0,"9":1,"10":0,"11":4,"12":0,"13":0},"f":{"0":1,"1":0,"2":0,"3":4,"4":0,"5":0},"b":{"0":[1],"1":[0,0],"2":[0,1],"3":[1,1],"4":[1,1],"5":[1,1],"6":[1,1],"7":[1,1],"8":[1,1],"9":[1,1],"10":[4,0]},"_coverageSchema":"1a1c01bbd47fc00a2c39e90264f33305004495a9","hash":"f78893d87f347e35300562f7152387734cddc32a"}
,"C:\\React_CDP\\react-cdp\\src\\components\\MovieForm\\DropList\\CustomCheckbox.js": {"path":"C:\\React_CDP\\react-cdp\\src\\components\\MovieForm\\DropList\\CustomCheckbox.js","statementMap":{"0":{"start":{"line":5,"column":23},"end":{"line":14,"column":1}},"1":{"start":{"line":6,"column":20},"end":{"line":6,"column":35}},"2":{"start":{"line":7,"column":4},"end":{"line":13,"column":6}},"3":{"start":{"line":16,"column":0},"end":{"line":18,"column":2}}},"fnMap":{"0":{"name":"(anonymous_0)","decl":{"start":{"line":5,"column":23},"end":{"line":5,"column":24}},"loc":{"start":{"line":5,"column":48},"end":{"line":14,"column":1}},"line":5}},"branchMap":{},"s":{"0":1,"1":0,"2":0,"3":1},"f":{"0":0},"b":{},"_coverageSchema":"1a1c01bbd47fc00a2c39e90264f33305004495a9","hash":"516dd65ab915a8086f431e4790bdab173c1231db"}
,"C:\\React_CDP\\react-cdp\\src\\components\\MovieForm\\DropList\\DropList.js": {"path":"C:\\React_CDP\\react-cdp\\src\\components\\MovieForm\\DropList\\DropList.js","statementMap":{"0":{"start":{"line":7,"column":17},"end":{"line":30,"column":1}},"1":{"start":{"line":8,"column":38},"end":{"line":8,"column":54}},"2":{"start":{"line":9,"column":26},"end":{"line":12,"column":5}},"3":{"start":{"line":10,"column":8},"end":{"line":10,"column":27}},"4":{"start":{"line":11,"column":8},"end":{"line":11,"column":22}},"5":{"start":{"line":14,"column":4},"end":{"line":29,"column":5}},"6":{"start":{"line":22,"column":24},"end":{"line":24,"column":29}},"7":{"start":{"line":32,"column":0},"end":{"line":36,"column":2}}},"fnMap":{"0":{"name":"(anonymous_0)","decl":{"start":{"line":7,"column":17},"end":{"line":7,"column":18}},"loc":{"start":{"line":7,"column":55},"end":{"line":30,"column":1}},"line":7},"1":{"name":"(anonymous_1)","decl":{"start":{"line":9,"column":26},"end":{"line":9,"column":27}},"loc":{"start":{"line":9,"column":31},"end":{"line":12,"column":5}},"line":9},"2":{"name":"(anonymous_2)","decl":{"start":{"line":21,"column":33},"end":{"line":21,"column":34}},"loc":{"start":{"line":22,"column":24},"end":{"line":24,"column":29}},"line":22}},"branchMap":{"0":{"loc":{"start":{"line":16,"column":74},"end":{"line":16,"column":100}},"type":"binary-expr","locations":[{"start":{"line":16,"column":74},"end":{"line":16,"column":85}},{"start":{"line":16,"column":89},"end":{"line":16,"column":100}}],"line":16},"1":{"loc":{"start":{"line":17,"column":17},"end":{"line":17,"column":68}},"type":"cond-expr","locations":[{"start":{"line":17,"column":33},"end":{"line":17,"column":50}},{"start":{"line":17,"column":53},"end":{"line":17,"column":68}}],"line":17},"2":{"loc":{"start":{"line":19,"column":13},"end":{"line":26,"column":21}},"type":"binary-expr","locations":[{"start":{"line":19,"column":13},"end":{"line":19,"column":23}},{"start":{"line":20,"column":16},"end":{"line":26,"column":21}}],"line":19}},"s":{"0":1,"1":4,"2":4,"3":0,"4":0,"5":4,"6":0,"7":1},"f":{"0":4,"1":0,"2":0},"b":{"0":[4,1],"1":[0,4],"2":[4,0]},"_coverageSchema":"1a1c01bbd47fc00a2c39e90264f33305004495a9","hash":"f7263602cfed9800d76e45032b78190435f11dbd"}
,"C:\\React_CDP\\react-cdp\\src\\components\\MovieForm\\FormControl\\FormControl.js": {"path":"C:\\React_CDP\\react-cdp\\src\\components\\MovieForm\\FormControl\\FormControl.js","statementMap":{"0":{"start":{"line":6,"column":20},"end":{"line":16,"column":1}},"1":{"start":{"line":7,"column":4},"end":{"line":15,"column":5}},"2":{"start":{"line":18,"column":0},"end":{"line":23,"column":2}}},"fnMap":{"0":{"name":"(anonymous_0)","decl":{"start":{"line":6,"column":20},"end":{"line":6,"column":21}},"loc":{"start":{"line":6,"column":92},"end":{"line":16,"column":1}},"line":6}},"branchMap":{"0":{"loc":{"start":{"line":6,"column":75},"end":{"line":6,"column":85}},"type":"default-arg","locations":[{"start":{"line":6,"column":83},"end":{"line":6,"column":85}}],"line":6},"1":{"loc":{"start":{"line":12,"column":13},"end":{"line":12,"column":145}},"type":"binary-expr","locations":[{"start":{"line":12,"column":13},"end":{"line":12,"column":21}},{"start":{"line":12,"column":25},"end":{"line":12,"column":145}}],"line":12},"2":{"loc":{"start":{"line":12,"column":43},"end":{"line":12,"column":69}},"type":"binary-expr","locations":[{"start":{"line":12,"column":43},"end":{"line":12,"column":54}},{"start":{"line":12,"column":58},"end":{"line":12,"column":69}}],"line":12}},"s":{"0":1,"1":32,"2":1},"f":{"0":32},"b":{"0":[0],"1":[32,24],"2":[24,4]},"_coverageSchema":"1a1c01bbd47fc00a2c39e90264f33305004495a9","hash":"fdfc3213c791ba505f893d76af73bd4c489f4ea4"}
,"C:\\React_CDP\\react-cdp\\src\\components\\ResultsCount\\ResultsCount.js": {"path":"C:\\React_CDP\\react-cdp\\src\\components\\ResultsCount\\ResultsCount.js","statementMap":{"0":{"start":{"line":5,"column":21},"end":{"line":9,"column":1}},"1":{"start":{"line":6,"column":18},"end":{"line":6,"column":64}},"2":{"start":{"line":6,"column":39},"end":{"line":6,"column":63}},"3":{"start":{"line":8,"column":4},"end":{"line":8,"column":87}}},"fnMap":{"0":{"name":"(anonymous_0)","decl":{"start":{"line":5,"column":21},"end":{"line":5,"column":22}},"loc":{"start":{"line":5,"column":27},"end":{"line":9,"column":1}},"line":5},"1":{"name":"(anonymous_1)","decl":{"start":{"line":6,"column":30},"end":{"line":6,"column":31}},"loc":{"start":{"line":6,"column":39},"end":{"line":6,"column":63}},"line":6}},"branchMap":{},"s":{"0":0,"1":0,"2":0,"3":0},"f":{"0":0,"1":0},"b":{}}
,"C:\\React_CDP\\react-cdp\\src\\components\\Search\\Search.js": {"path":"C:\\React_CDP\\react-cdp\\src\\components\\Search\\Search.js","statementMap":{"0":{"start":{"line":6,"column":15},"end":{"line":54,"column":1}},"1":{"start":{"line":7,"column":29},"end":{"line":7,"column":40}},"2":{"start":{"line":8,"column":40},"end":{"line":8,"column":52}},"3":{"start":{"line":9,"column":20},"end":{"line":9,"column":32}},"4":{"start":{"line":11,"column":4},"end":{"line":13,"column":21}},"5":{"start":{"line":12,"column":8},"end":{"line":12,"column":41}},"6":{"start":{"line":15,"column":28},"end":{"line":17,"column":5}},"7":{"start":{"line":16,"column":8},"end":{"line":16,"column":38}},"8":{"start":{"line":19,"column":24},"end":{"line":25,"column":5}},"9":{"start":{"line":20,"column":8},"end":{"line":24,"column":9}},"10":{"start":{"line":21,"column":12},"end":{"line":21,"column":30}},"11":{"start":{"line":23,"column":12},"end":{"line":23,"column":49}},"12":{"start":{"line":27,"column":25},"end":{"line":29,"column":5}},"13":{"start":{"line":28,"column":8},"end":{"line":28,"column":22}},"14":{"start":{"line":31,"column":28},"end":{"line":35,"column":5}},"15":{"start":{"line":32,"column":8},"end":{"line":34,"column":9}},"16":{"start":{"line":33,"column":12},"end":{"line":33,"column":26}},"17":{"start":{"line":37,"column":21},"end":{"line":39,"column":5}},"18":{"start":{"line":38,"column":8},"end":{"line":38,"column":27}},"19":{"start":{"line":41,"column":4},"end":{"line":53,"column":5}}},"fnMap":{"0":{"name":"(anonymous_0)","decl":{"start":{"line":6,"column":15},"end":{"line":6,"column":16}},"loc":{"start":{"line":6,"column":21},"end":{"line":54,"column":1}},"line":6},"1":{"name":"(anonymous_1)","decl":{"start":{"line":11,"column":14},"end":{"line":11,"column":15}},"loc":{"start":{"line":11,"column":20},"end":{"line":13,"column":5}},"line":11},"2":{"name":"(anonymous_2)","decl":{"start":{"line":15,"column":28},"end":{"line":15,"column":29}},"loc":{"start":{"line":15,"column":33},"end":{"line":17,"column":5}},"line":15},"3":{"name":"(anonymous_3)","decl":{"start":{"line":19,"column":24},"end":{"line":19,"column":25}},"loc":{"start":{"line":19,"column":30},"end":{"line":25,"column":5}},"line":19},"4":{"name":"(anonymous_4)","decl":{"start":{"line":27,"column":25},"end":{"line":27,"column":26}},"loc":{"start":{"line":27,"column":31},"end":{"line":29,"column":5}},"line":27},"5":{"name":"(anonymous_5)","decl":{"start":{"line":31,"column":28},"end":{"line":31,"column":29}},"loc":{"start":{"line":31,"column":33},"end":{"line":35,"column":5}},"line":31},"6":{"name":"(anonymous_6)","decl":{"start":{"line":37,"column":21},"end":{"line":37,"column":22}},"loc":{"start":{"line":37,"column":26},"end":{"line":39,"column":5}},"line":37}},"branchMap":{"0":{"loc":{"start":{"line":12,"column":22},"end":{"line":12,"column":39}},"type":"binary-expr","locations":[{"start":{"line":12,"column":22},"end":{"line":12,"column":33}},{"start":{"line":12,"column":37},"end":{"line":12,"column":39}}],"line":12},"1":{"loc":{"start":{"line":20,"column":8},"end":{"line":24,"column":9}},"type":"if","locations":[{"start":{"line":20,"column":8},"end":{"line":24,"column":9}},{"start":{"line":20,"column":8},"end":{"line":24,"column":9}}],"line":20},"2":{"loc":{"start":{"line":32,"column":8},"end":{"line":34,"column":9}},"type":"if","locations":[{"start":{"line":32,"column":8},"end":{"line":34,"column":9}},{"start":{"line":32,"column":8},"end":{"line":34,"column":9}}],"line":32}},"s":{"0":0,"1":0,"2":0,"3":0,"4":0,"5":0,"6":0,"7":0,"8":0,"9":0,"10":0,"11":0,"12":0,"13":0,"14":0,"15":0,"16":0,"17":0,"18":0,"19":0},"f":{"0":0,"1":0,"2":0,"3":0,"4":0,"5":0,"6":0},"b":{"0":[0,0],"1":[0,0],"2":[0,0]}}
,"C:\\React_CDP\\react-cdp\\src\\components\\SimpleSearch\\SimpleSearch.js": {"path":"C:\\React_CDP\\react-cdp\\src\\components\\SimpleSearch\\SimpleSearch.js","statementMap":{"0":{"start":{"line":7,"column":21},"end":{"line":52,"column":1}},"1":{"start":{"line":8,"column":20},"end":{"line":8,"column":32}},"2":{"start":{"line":9,"column":40},"end":{"line":9,"column":52}},"3":{"start":{"line":10,"column":38},"end":{"line":10,"column":54}},"4":{"start":{"line":12,"column":28},"end":{"line":14,"column":5}},"5":{"start":{"line":13,"column":8},"end":{"line":13,"column":38}},"6":{"start":{"line":16,"column":24},"end":{"line":19,"column":5}},"7":{"start":{"line":17,"column":8},"end":{"line":17,"column":27}},"8":{"start":{"line":18,"column":8},"end":{"line":18,"column":20}},"9":{"start":{"line":21,"column":28},"end":{"line":29,"column":5}},"10":{"start":{"line":22,"column":8},"end":{"line":28,"column":9}},"11":{"start":{"line":23,"column":12},"end":{"line":27,"column":13}},"12":{"start":{"line":24,"column":16},"end":{"line":24,"column":34}},"13":{"start":{"line":26,"column":16},"end":{"line":26,"column":53}},"14":{"start":{"line":31,"column":21},"end":{"line":33,"column":5}},"15":{"start":{"line":32,"column":8},"end":{"line":32,"column":27}},"16":{"start":{"line":35,"column":4},"end":{"line":51,"column":5}}},"fnMap":{"0":{"name":"(anonymous_0)","decl":{"start":{"line":7,"column":21},"end":{"line":7,"column":22}},"loc":{"start":{"line":7,"column":27},"end":{"line":52,"column":1}},"line":7},"1":{"name":"(anonymous_1)","decl":{"start":{"line":12,"column":28},"end":{"line":12,"column":29}},"loc":{"start":{"line":12,"column":35},"end":{"line":14,"column":5}},"line":12},"2":{"name":"(anonymous_2)","decl":{"start":{"line":16,"column":24},"end":{"line":16,"column":25}},"loc":{"start":{"line":16,"column":31},"end":{"line":19,"column":5}},"line":16},"3":{"name":"(anonymous_3)","decl":{"start":{"line":21,"column":28},"end":{"line":21,"column":29}},"loc":{"start":{"line":21,"column":33},"end":{"line":29,"column":5}},"line":21},"4":{"name":"(anonymous_4)","decl":{"start":{"line":31,"column":21},"end":{"line":31,"column":22}},"loc":{"start":{"line":31,"column":26},"end":{"line":33,"column":5}},"line":31}},"branchMap":{"0":{"loc":{"start":{"line":22,"column":8},"end":{"line":28,"column":9}},"type":"if","locations":[{"start":{"line":22,"column":8},"end":{"line":28,"column":9}},{"start":{"line":22,"column":8},"end":{"line":28,"column":9}}],"line":22},"1":{"loc":{"start":{"line":23,"column":12},"end":{"line":27,"column":13}},"type":"if","locations":[{"start":{"line":23,"column":12},"end":{"line":27,"column":13}},{"start":{"line":23,"column":12},"end":{"line":27,"column":13}}],"line":23},"2":{"loc":{"start":{"line":37,"column":13},"end":{"line":45,"column":18}},"type":"binary-expr","locations":[{"start":{"line":37,"column":13},"end":{"line":37,"column":25}},{"start":{"line":38,"column":16},"end":{"line":45,"column":18}}],"line":37}},"s":{"0":0,"1":0,"2":0,"3":0,"4":0,"5":0,"6":0,"7":0,"8":0,"9":0,"10":0,"11":0,"12":0,"13":0,"14":0,"15":0,"16":0},"f":{"0":0,"1":0,"2":0,"3":0,"4":0},"b":{"0":[0,0],"1":[0,0],"2":[0,0]}}
,"C:\\React_CDP\\react-cdp\\src\\components\\SiteLogo\\Sitelogo.js": {"path":"C:\\React_CDP\\react-cdp\\src\\components\\SiteLogo\\Sitelogo.js","statementMap":{"0":{"start":{"line":6,"column":4},"end":{"line":10,"column":5}}},"fnMap":{"0":{"name":"Sitelogo","decl":{"start":{"line":5,"column":24},"end":{"line":5,"column":32}},"loc":{"start":{"line":5,"column":35},"end":{"line":11,"column":1}},"line":5}},"branchMap":{},"s":{"0":0},"f":{"0":0},"b":{}}
,"C:\\React_CDP\\react-cdp\\src\\components\\Sorting\\Sorting.js": {"path":"C:\\React_CDP\\react-cdp\\src\\components\\Sorting\\Sorting.js","statementMap":{"0":{"start":{"line":6,"column":16},"end":{"line":52,"column":1}},"1":{"start":{"line":7,"column":24},"end":{"line":28,"column":5}},"2":{"start":{"line":30,"column":21},"end":{"line":30,"column":34}},"3":{"start":{"line":31,"column":27},"end":{"line":31,"column":76}},"4":{"start":{"line":31,"column":48},"end":{"line":31,"column":75}},"5":{"start":{"line":32,"column":24},"end":{"line":38,"column":5}},"6":{"start":{"line":33,"column":8},"end":{"line":37,"column":11}},"7":{"start":{"line":40,"column":4},"end":{"line":51,"column":5}},"8":{"start":{"line":46,"column":24},"end":{"line":46,"column":118}}},"fnMap":{"0":{"name":"(anonymous_0)","decl":{"start":{"line":6,"column":16},"end":{"line":6,"column":17}},"loc":{"start":{"line":6,"column":22},"end":{"line":52,"column":1}},"line":6},"1":{"name":"(anonymous_1)","decl":{"start":{"line":31,"column":39},"end":{"line":31,"column":40}},"loc":{"start":{"line":31,"column":48},"end":{"line":31,"column":75}},"line":31},"2":{"name":"(anonymous_2)","decl":{"start":{"line":32,"column":24},"end":{"line":32,"column":25}},"loc":{"start":{"line":32,"column":29},"end":{"line":38,"column":5}},"line":32},"3":{"name":"(anonymous_3)","decl":{"start":{"line":45,"column":37},"end":{"line":45,"column":38}},"loc":{"start":{"line":45,"column":50},"end":{"line":47,"column":21}},"line":45}},"branchMap":{},"s":{"0":0,"1":0,"2":0,"3":0,"4":0,"5":0,"6":0,"7":0,"8":0},"f":{"0":0,"1":0,"2":0,"3":0},"b":{}}
,"C:\\React_CDP\\react-cdp\\src\\components\\SuccessMovieMessage\\SuccessMovieMessage.js": {"path":"C:\\React_CDP\\react-cdp\\src\\components\\SuccessMovieMessage\\SuccessMovieMessage.js","statementMap":{"0":{"start":{"line":4,"column":28},"end":{"line":12,"column":1}},"1":{"start":{"line":5,"column":4},"end":{"line":11,"column":5}}},"fnMap":{"0":{"name":"(anonymous_0)","decl":{"start":{"line":4,"column":28},"end":{"line":4,"column":29}},"loc":{"start":{"line":4,"column":34},"end":{"line":12,"column":1}},"line":4}},"branchMap":{},"s":{"0":0,"1":0},"f":{"0":0},"b":{}}
,"C:\\React_CDP\\react-cdp\\src\\hooks\\useToggle.js": {"path":"C:\\React_CDP\\react-cdp\\src\\hooks\\useToggle.js","statementMap":{"0":{"start":{"line":3,"column":25},"end":{"line":11,"column":1}},"1":{"start":{"line":4,"column":28},"end":{"line":4,"column":50}},"2":{"start":{"line":6,"column":19},"end":{"line":8,"column":14}},"3":{"start":{"line":7,"column":8},"end":{"line":7,"column":23}},"4":{"start":{"line":10,"column":4},"end":{"line":10,"column":25}}},"fnMap":{"0":{"name":"(anonymous_0)","decl":{"start":{"line":3,"column":25},"end":{"line":3,"column":26}},"loc":{"start":{"line":3,"column":51},"end":{"line":11,"column":1}},"line":3},"1":{"name":"(anonymous_1)","decl":{"start":{"line":6,"column":31},"end":{"line":6,"column":32}},"loc":{"start":{"line":6,"column":37},"end":{"line":8,"column":5}},"line":6}},"branchMap":{"0":{"loc":{"start":{"line":3,"column":26},"end":{"line":3,"column":46}},"type":"default-arg","locations":[{"start":{"line":3,"column":41},"end":{"line":3,"column":46}}],"line":3}},"s":{"0":1,"1":4,"2":4,"3":0,"4":4},"f":{"0":4,"1":0},"b":{"0":[0]},"_coverageSchema":"1a1c01bbd47fc00a2c39e90264f33305004495a9","hash":"c041ddd2e0895e68ffa31f3d062166a30fb628ea"}
,"C:\\React_CDP\\react-cdp\\src\\layouts\\Container.js": {"path":"C:\\React_CDP\\react-cdp\\src\\layouts\\Container.js","statementMap":{"0":{"start":{"line":4,"column":4},"end":{"line":4,"column":54}}},"fnMap":{"0":{"name":"Container","decl":{"start":{"line":3,"column":24},"end":{"line":3,"column":33}},"loc":{"start":{"line":3,"column":48},"end":{"line":5,"column":1}},"line":3}},"branchMap":{},"s":{"0":0},"f":{"0":0},"b":{}}
,"C:\\React_CDP\\react-cdp\\src\\layouts\\Main.js": {"path":"C:\\React_CDP\\react-cdp\\src\\layouts\\Main.js","statementMap":{"0":{"start":{"line":4,"column":20},"end":{"line":8,"column":1}},"1":{"start":{"line":5,"column":4},"end":{"line":7,"column":16}}},"fnMap":{"0":{"name":"(anonymous_0)","decl":{"start":{"line":4,"column":20},"end":{"line":4,"column":21}},"loc":{"start":{"line":5,"column":4},"end":{"line":7,"column":16}},"line":5}},"branchMap":{},"s":{"0":0,"1":0},"f":{"0":0},"b":{}}
,"C:\\React_CDP\\react-cdp\\src\\layouts\\FilterBar\\FilterBar.js": {"path":"C:\\React_CDP\\react-cdp\\src\\layouts\\FilterBar\\FilterBar.js","statementMap":{"0":{"start":{"line":7,"column":4},"end":{"line":12,"column":5}}},"fnMap":{"0":{"name":"FilterBar","decl":{"start":{"line":6,"column":24},"end":{"line":6,"column":33}},"loc":{"start":{"line":6,"column":36},"end":{"line":13,"column":1}},"line":6}},"branchMap":{},"s":{"0":0},"f":{"0":0},"b":{}}
,"C:\\React_CDP\\react-cdp\\src\\layouts\\Footer\\Footer.js": {"path":"C:\\React_CDP\\react-cdp\\src\\layouts\\Footer\\Footer.js","statementMap":{"0":{"start":{"line":6,"column":15},"end":{"line":12,"column":1}},"1":{"start":{"line":7,"column":4},"end":{"line":11,"column":13}}},"fnMap":{"0":{"name":"(anonymous_0)","decl":{"start":{"line":6,"column":15},"end":{"line":6,"column":16}},"loc":{"start":{"line":7,"column":4},"end":{"line":11,"column":13}},"line":7}},"branchMap":{},"s":{"0":0,"1":0},"f":{"0":0},"b":{}}
,"C:\\React_CDP\\react-cdp\\src\\pages\\Home.js": {"path":"C:\\React_CDP\\react-cdp\\src\\pages\\Home.js","statementMap":{"0":{"start":{"line":10,"column":4},"end":{"line":21,"column":5}}},"fnMap":{"0":{"name":"(anonymous_0)","decl":{"start":{"line":9,"column":15},"end":{"line":9,"column":16}},"loc":{"start":{"line":9,"column":21},"end":{"line":22,"column":1}},"line":9}},"branchMap":{},"s":{"0":0},"f":{"0":0},"b":{}}
,"C:\\React_CDP\\react-cdp\\src\\pages\\NoMatch.js": {"path":"C:\\React_CDP\\react-cdp\\src\\pages\\NoMatch.js","statementMap":{"0":{"start":{"line":6,"column":16},"end":{"line":19,"column":1}},"1":{"start":{"line":7,"column":20},"end":{"line":7,"column":32}},"2":{"start":{"line":8,"column":21},"end":{"line":8,"column":48}},"3":{"start":{"line":8,"column":29},"end":{"line":8,"column":46}},"4":{"start":{"line":10,"column":4},"end":{"line":18,"column":5}}},"fnMap":{"0":{"name":"(anonymous_0)","decl":{"start":{"line":6,"column":16},"end":{"line":6,"column":17}},"loc":{"start":{"line":6,"column":22},"end":{"line":19,"column":1}},"line":6},"1":{"name":"(anonymous_1)","decl":{"start":{"line":8,"column":21},"end":{"line":8,"column":22}},"loc":{"start":{"line":8,"column":27},"end":{"line":8,"column":48}},"line":8}},"branchMap":{},"s":{"0":0,"1":0,"2":0,"3":0,"4":0},"f":{"0":0,"1":0},"b":{}}
,"C:\\React_CDP\\react-cdp\\src\\store\\store.js": {"path":"C:\\React_CDP\\react-cdp\\src\\store\\store.js","statementMap":{"0":{"start":{"line":6,"column":14},"end":{"line":6,"column":83}}},"fnMap":{},"branchMap":{},"s":{"0":1},"f":{},"b":{},"_coverageSchema":"1a1c01bbd47fc00a2c39e90264f33305004495a9","hash":"96d7eeb7a6741269451380a0cd9d7b819da28908"}
,"C:\\React_CDP\\react-cdp\\src\\store\\actionCreators\\addMovie.js": {"path":"C:\\React_CDP\\react-cdp\\src\\store\\actionCreators\\addMovie.js","statementMap":{"0":{"start":{"line":6,"column":24},"end":{"line":9,"column":2}},"1":{"start":{"line":6,"column":35},"end":{"line":9,"column":1}},"2":{"start":{"line":11,"column":24},"end":{"line":23,"column":1}},"3":{"start":{"line":12,"column":4},"end":{"line":22,"column":6}},"4":{"start":{"line":13,"column":8},"end":{"line":21,"column":15}},"5":{"start":{"line":15,"column":16},"end":{"line":15,"column":37}},"6":{"start":{"line":16,"column":16},"end":{"line":16,"column":47}},"7":{"start":{"line":17,"column":16},"end":{"line":17,"column":53}},"8":{"start":{"line":20,"column":16},"end":{"line":20,"column":54}}},"fnMap":{"0":{"name":"(anonymous_0)","decl":{"start":{"line":6,"column":24},"end":{"line":6,"column":25}},"loc":{"start":{"line":6,"column":35},"end":{"line":9,"column":1}},"line":6},"1":{"name":"(anonymous_1)","decl":{"start":{"line":11,"column":24},"end":{"line":11,"column":25}},"loc":{"start":{"line":11,"column":35},"end":{"line":23,"column":1}},"line":11},"2":{"name":"(anonymous_2)","decl":{"start":{"line":12,"column":11},"end":{"line":12,"column":12}},"loc":{"start":{"line":12,"column":23},"end":{"line":22,"column":5}},"line":12},"3":{"name":"(anonymous_3)","decl":{"start":{"line":14,"column":18},"end":{"line":14,"column":19}},"loc":{"start":{"line":14,"column":25},"end":{"line":18,"column":13}},"line":14},"4":{"name":"(anonymous_4)","decl":{"start":{"line":19,"column":19},"end":{"line":19,"column":20}},"loc":{"start":{"line":19,"column":26},"end":{"line":21,"column":13}},"line":19}},"branchMap":{},"s":{"0":2,"1":1,"2":2,"3":1,"4":1,"5":1,"6":1,"7":1,"8":0},"f":{"0":1,"1":1,"2":1,"3":1,"4":0},"b":{},"_coverageSchema":"1a1c01bbd47fc00a2c39e90264f33305004495a9","hash":"081522e2799f258f35b0f778baca19b961187dc9"}
,"C:\\React_CDP\\react-cdp\\src\\store\\actionCreators\\deleteMovie.js": {"path":"C:\\React_CDP\\react-cdp\\src\\store\\actionCreators\\deleteMovie.js","statementMap":{"0":{"start":{"line":6,"column":27},"end":{"line":9,"column":2}},"1":{"start":{"line":6,"column":36},"end":{"line":9,"column":1}},"2":{"start":{"line":11,"column":27},"end":{"line":22,"column":1}},"3":{"start":{"line":12,"column":4},"end":{"line":21,"column":6}},"4":{"start":{"line":13,"column":8},"end":{"line":20,"column":11}},"5":{"start":{"line":15,"column":12},"end":{"line":15,"column":45}},"6":{"start":{"line":16,"column":12},"end":{"line":16,"column":34}},"7":{"start":{"line":19,"column":12},"end":{"line":19,"column":50}}},"fnMap":{"0":{"name":"(anonymous_0)","decl":{"start":{"line":6,"column":27},"end":{"line":6,"column":28}},"loc":{"start":{"line":6,"column":36},"end":{"line":9,"column":1}},"line":6},"1":{"name":"(anonymous_1)","decl":{"start":{"line":11,"column":27},"end":{"line":11,"column":28}},"loc":{"start":{"line":11,"column":35},"end":{"line":22,"column":1}},"line":11},"2":{"name":"(anonymous_2)","decl":{"start":{"line":12,"column":11},"end":{"line":12,"column":12}},"loc":{"start":{"line":12,"column":23},"end":{"line":21,"column":5}},"line":12},"3":{"name":"(anonymous_3)","decl":{"start":{"line":14,"column":14},"end":{"line":14,"column":15}},"loc":{"start":{"line":14,"column":20},"end":{"line":17,"column":9}},"line":14},"4":{"name":"(anonymous_4)","decl":{"start":{"line":18,"column":15},"end":{"line":18,"column":16}},"loc":{"start":{"line":18,"column":22},"end":{"line":20,"column":9}},"line":18}},"branchMap":{},"s":{"0":1,"1":1,"2":1,"3":1,"4":1,"5":1,"6":1,"7":0},"f":{"0":1,"1":1,"2":1,"3":1,"4":0},"b":{},"_coverageSchema":"1a1c01bbd47fc00a2c39e90264f33305004495a9","hash":"fdcdc268184613c942e537b8f53b890f8bbaa35a"}
,"C:\\React_CDP\\react-cdp\\src\\store\\actionCreators\\editMovie.js": {"path":"C:\\React_CDP\\react-cdp\\src\\store\\actionCreators\\editMovie.js","statementMap":{"0":{"start":{"line":6,"column":25},"end":{"line":9,"column":2}},"1":{"start":{"line":6,"column":36},"end":{"line":9,"column":1}},"2":{"start":{"line":11,"column":25},"end":{"line":22,"column":1}},"3":{"start":{"line":12,"column":4},"end":{"line":21,"column":6}},"4":{"start":{"line":13,"column":8},"end":{"line":20,"column":11}},"5":{"start":{"line":15,"column":12},"end":{"line":15,"column":44}},"6":{"start":{"line":16,"column":12},"end":{"line":16,"column":34}},"7":{"start":{"line":19,"column":12},"end":{"line":19,"column":50}}},"fnMap":{"0":{"name":"(anonymous_0)","decl":{"start":{"line":6,"column":25},"end":{"line":6,"column":26}},"loc":{"start":{"line":6,"column":36},"end":{"line":9,"column":1}},"line":6},"1":{"name":"(anonymous_1)","decl":{"start":{"line":11,"column":25},"end":{"line":11,"column":26}},"loc":{"start":{"line":11,"column":36},"end":{"line":22,"column":1}},"line":11},"2":{"name":"(anonymous_2)","decl":{"start":{"line":12,"column":11},"end":{"line":12,"column":12}},"loc":{"start":{"line":12,"column":23},"end":{"line":21,"column":5}},"line":12},"3":{"name":"(anonymous_3)","decl":{"start":{"line":14,"column":14},"end":{"line":14,"column":15}},"loc":{"start":{"line":14,"column":21},"end":{"line":17,"column":9}},"line":14},"4":{"name":"(anonymous_4)","decl":{"start":{"line":18,"column":15},"end":{"line":18,"column":16}},"loc":{"start":{"line":18,"column":22},"end":{"line":20,"column":9}},"line":18}},"branchMap":{},"s":{"0":2,"1":1,"2":2,"3":1,"4":1,"5":1,"6":1,"7":0},"f":{"0":1,"1":1,"2":1,"3":1,"4":0},"b":{},"_coverageSchema":"1a1c01bbd47fc00a2c39e90264f33305004495a9","hash":"de4ef01bb663c93ccb88c3d6d30b9ca32b5ab9f1"}
,"C:\\React_CDP\\react-cdp\\src\\store\\actionCreators\\filterMovie.js": {"path":"C:\\React_CDP\\react-cdp\\src\\store\\actionCreators\\filterMovie.js","statementMap":{"0":{"start":{"line":5,"column":27},"end":{"line":8,"column":2}},"1":{"start":{"line":5,"column":46},"end":{"line":8,"column":1}},"2":{"start":{"line":10,"column":28},"end":{"line":20,"column":1}},"3":{"start":{"line":11,"column":4},"end":{"line":19,"column":6}},"4":{"start":{"line":12,"column":8},"end":{"line":18,"column":11}},"5":{"start":{"line":14,"column":12},"end":{"line":14,"column":59}},"6":{"start":{"line":17,"column":12},"end":{"line":17,"column":50}}},"fnMap":{"0":{"name":"(anonymous_0)","decl":{"start":{"line":5,"column":27},"end":{"line":5,"column":28}},"loc":{"start":{"line":5,"column":46},"end":{"line":8,"column":1}},"line":5},"1":{"name":"(anonymous_1)","decl":{"start":{"line":10,"column":28},"end":{"line":10,"column":29}},"loc":{"start":{"line":10,"column":40},"end":{"line":20,"column":1}},"line":10},"2":{"name":"(anonymous_2)","decl":{"start":{"line":11,"column":11},"end":{"line":11,"column":12}},"loc":{"start":{"line":11,"column":23},"end":{"line":19,"column":5}},"line":11},"3":{"name":"(anonymous_3)","decl":{"start":{"line":13,"column":14},"end":{"line":13,"column":15}},"loc":{"start":{"line":13,"column":21},"end":{"line":15,"column":9}},"line":13},"4":{"name":"(anonymous_4)","decl":{"start":{"line":16,"column":15},"end":{"line":16,"column":16}},"loc":{"start":{"line":16,"column":22},"end":{"line":18,"column":9}},"line":16}},"branchMap":{},"s":{"0":1,"1":1,"2":1,"3":1,"4":1,"5":1,"6":0},"f":{"0":1,"1":1,"2":1,"3":1,"4":0},"b":{},"_coverageSchema":"1a1c01bbd47fc00a2c39e90264f33305004495a9","hash":"51accb9c685d47d4e2117cf5ff00abf32fe41f71"}
,"C:\\React_CDP\\react-cdp\\src\\store\\actionCreators\\getInitialData.js": {"path":"C:\\React_CDP\\react-cdp\\src\\store\\actionCreators\\getInitialData.js","statementMap":{"0":{"start":{"line":5,"column":30},"end":{"line":8,"column":2}},"1":{"start":{"line":5,"column":49},"end":{"line":8,"column":1}},"2":{"start":{"line":10,"column":30},"end":{"line":20,"column":1}},"3":{"start":{"line":11,"column":4},"end":{"line":19,"column":6}},"4":{"start":{"line":12,"column":8},"end":{"line":18,"column":11}},"5":{"start":{"line":14,"column":12},"end":{"line":14,"column":62}},"6":{"start":{"line":17,"column":12},"end":{"line":17,"column":50}}},"fnMap":{"0":{"name":"(anonymous_0)","decl":{"start":{"line":5,"column":30},"end":{"line":5,"column":31}},"loc":{"start":{"line":5,"column":49},"end":{"line":8,"column":1}},"line":5},"1":{"name":"(anonymous_1)","decl":{"start":{"line":10,"column":30},"end":{"line":10,"column":31}},"loc":{"start":{"line":10,"column":40},"end":{"line":20,"column":1}},"line":10},"2":{"name":"(anonymous_2)","decl":{"start":{"line":11,"column":11},"end":{"line":11,"column":12}},"loc":{"start":{"line":11,"column":23},"end":{"line":19,"column":5}},"line":11},"3":{"name":"(anonymous_3)","decl":{"start":{"line":13,"column":14},"end":{"line":13,"column":15}},"loc":{"start":{"line":13,"column":21},"end":{"line":15,"column":9}},"line":13},"4":{"name":"(anonymous_4)","decl":{"start":{"line":16,"column":15},"end":{"line":16,"column":16}},"loc":{"start":{"line":16,"column":22},"end":{"line":18,"column":9}},"line":16}},"branchMap":{},"s":{"0":1,"1":1,"2":1,"3":1,"4":1,"5":1,"6":0},"f":{"0":1,"1":1,"2":1,"3":1,"4":0},"b":{},"_coverageSchema":"1a1c01bbd47fc00a2c39e90264f33305004495a9","hash":"9c0a9424d38d477f79d3985d5876ab1d81269ac7"}
,"C:\\React_CDP\\react-cdp\\src\\store\\actionCreators\\getMovie.js": {"path":"C:\\React_CDP\\react-cdp\\src\\store\\actionCreators\\getMovie.js","statementMap":{"0":{"start":{"line":5,"column":24},"end":{"line":8,"column":2}},"1":{"start":{"line":5,"column":34},"end":{"line":8,"column":1}},"2":{"start":{"line":10,"column":24},"end":{"line":20,"column":1}},"3":{"start":{"line":11,"column":4},"end":{"line":19,"column":6}},"4":{"start":{"line":12,"column":8},"end":{"line":18,"column":11}},"5":{"start":{"line":14,"column":12},"end":{"line":14,"column":43}},"6":{"start":{"line":17,"column":12},"end":{"line":17,"column":50}}},"fnMap":{"0":{"name":"(anonymous_0)","decl":{"start":{"line":5,"column":24},"end":{"line":5,"column":25}},"loc":{"start":{"line":5,"column":34},"end":{"line":8,"column":1}},"line":5},"1":{"name":"(anonymous_1)","decl":{"start":{"line":10,"column":24},"end":{"line":10,"column":25}},"loc":{"start":{"line":10,"column":32},"end":{"line":20,"column":1}},"line":10},"2":{"name":"(anonymous_2)","decl":{"start":{"line":11,"column":11},"end":{"line":11,"column":12}},"loc":{"start":{"line":11,"column":23},"end":{"line":19,"column":5}},"line":11},"3":{"name":"(anonymous_3)","decl":{"start":{"line":13,"column":14},"end":{"line":13,"column":15}},"loc":{"start":{"line":13,"column":21},"end":{"line":15,"column":9}},"line":13},"4":{"name":"(anonymous_4)","decl":{"start":{"line":16,"column":15},"end":{"line":16,"column":16}},"loc":{"start":{"line":16,"column":22},"end":{"line":18,"column":9}},"line":16}},"branchMap":{},"s":{"0":1,"1":1,"2":1,"3":1,"4":1,"5":1,"6":0},"f":{"0":1,"1":1,"2":1,"3":1,"4":0},"b":{},"_coverageSchema":"1a1c01bbd47fc00a2c39e90264f33305004495a9","hash":"6f6e9a26ff8e681cf3fbdd1c7ecf9fd9f0b0230d"}
,"C:\\React_CDP\\react-cdp\\src\\store\\actionCreators\\requestFailure.js": {"path":"C:\\React_CDP\\react-cdp\\src\\store\\actionCreators\\requestFailure.js","statementMap":{"0":{"start":{"line":3,"column":30},"end":{"line":8,"column":2}},"1":{"start":{"line":3,"column":40},"end":{"line":8,"column":1}}},"fnMap":{"0":{"name":"(anonymous_0)","decl":{"start":{"line":3,"column":30},"end":{"line":3,"column":31}},"loc":{"start":{"line":3,"column":40},"end":{"line":8,"column":1}},"line":3}},"branchMap":{},"s":{"0":8,"1":0},"f":{"0":0},"b":{},"_coverageSchema":"1a1c01bbd47fc00a2c39e90264f33305004495a9","hash":"255cec16107c17623688e012b86efe8b05b273a2"}
,"C:\\React_CDP\\react-cdp\\src\\store\\actionCreators\\sortMovie.js": {"path":"C:\\React_CDP\\react-cdp\\src\\store\\actionCreators\\sortMovie.js","statementMap":{"0":{"start":{"line":5,"column":25},"end":{"line":8,"column":2}},"1":{"start":{"line":5,"column":44},"end":{"line":8,"column":1}},"2":{"start":{"line":10,"column":26},"end":{"line":20,"column":1}},"3":{"start":{"line":11,"column":4},"end":{"line":19,"column":6}},"4":{"start":{"line":12,"column":8},"end":{"line":18,"column":11}},"5":{"start":{"line":14,"column":12},"end":{"line":14,"column":57}},"6":{"start":{"line":17,"column":12},"end":{"line":17,"column":50}}},"fnMap":{"0":{"name":"(anonymous_0)","decl":{"start":{"line":5,"column":25},"end":{"line":5,"column":26}},"loc":{"start":{"line":5,"column":44},"end":{"line":8,"column":1}},"line":5},"1":{"name":"(anonymous_1)","decl":{"start":{"line":10,"column":26},"end":{"line":10,"column":27}},"loc":{"start":{"line":10,"column":38},"end":{"line":20,"column":1}},"line":10},"2":{"name":"(anonymous_2)","decl":{"start":{"line":11,"column":11},"end":{"line":11,"column":12}},"loc":{"start":{"line":11,"column":23},"end":{"line":19,"column":5}},"line":11},"3":{"name":"(anonymous_3)","decl":{"start":{"line":13,"column":14},"end":{"line":13,"column":15}},"loc":{"start":{"line":13,"column":21},"end":{"line":15,"column":9}},"line":13},"4":{"name":"(anonymous_4)","decl":{"start":{"line":16,"column":15},"end":{"line":16,"column":16}},"loc":{"start":{"line":16,"column":22},"end":{"line":18,"column":9}},"line":16}},"branchMap":{},"s":{"0":1,"1":2,"2":1,"3":2,"4":2,"5":2,"6":0},"f":{"0":2,"1":2,"2":2,"3":2,"4":0},"b":{},"_coverageSchema":"1a1c01bbd47fc00a2c39e90264f33305004495a9","hash":"f775a173b10138c09c137fcc48352ac884013355"}
,"C:\\React_CDP\\react-cdp\\src\\store\\actionCreators\\toggleModal.js": {"path":"C:\\React_CDP\\react-cdp\\src\\store\\actionCreators\\toggleModal.js","statementMap":{"0":{"start":{"line":3,"column":25},"end":{"line":6,"column":2}},"1":{"start":{"line":3,"column":40},"end":{"line":6,"column":1}},"2":{"start":{"line":8,"column":25},"end":{"line":14,"column":2}},"3":{"start":{"line":8,"column":32},"end":{"line":14,"column":1}}},"fnMap":{"0":{"name":"(anonymous_0)","decl":{"start":{"line":3,"column":25},"end":{"line":3,"column":26}},"loc":{"start":{"line":3,"column":40},"end":{"line":6,"column":1}},"line":3},"1":{"name":"(anonymous_1)","decl":{"start":{"line":8,"column":25},"end":{"line":8,"column":26}},"loc":{"start":{"line":8,"column":32},"end":{"line":14,"column":1}},"line":8}},"branchMap":{},"s":{"0":4,"1":1,"2":4,"3":2},"f":{"0":1,"1":2},"b":{},"_coverageSchema":"1a1c01bbd47fc00a2c39e90264f33305004495a9","hash":"5c5381dfb3de5121d53ddbfcbc035cf656863791"}
,"C:\\React_CDP\\react-cdp\\src\\store\\actions\\actions.js": {"path":"C:\\React_CDP\\react-cdp\\src\\store\\actions\\actions.js","statementMap":{"0":{"start":{"line":1,"column":40},"end":{"line":1,"column":66}},"1":{"start":{"line":3,"column":33},"end":{"line":3,"column":52}},"2":{"start":{"line":5,"column":33},"end":{"line":5,"column":52}},"3":{"start":{"line":7,"column":34},"end":{"line":7,"column":54}},"4":{"start":{"line":9,"column":36},"end":{"line":9,"column":58}},"5":{"start":{"line":11,"column":36},"end":{"line":11,"column":58}},"6":{"start":{"line":13,"column":34},"end":{"line":13,"column":54}},"7":{"start":{"line":15,"column":31},"end":{"line":15,"column":48}},"8":{"start":{"line":17,"column":26},"end":{"line":17,"column":38}},"9":{"start":{"line":18,"column":26},"end":{"line":18,"column":38}}},"fnMap":{},"branchMap":{},"s":{"0":9,"1":9,"2":9,"3":9,"4":9,"5":9,"6":9,"7":9,"8":9,"9":9},"f":{},"b":{},"_coverageSchema":"1a1c01bbd47fc00a2c39e90264f33305004495a9","hash":"d177cac2be84a3b21caaf8870ed966a015423391"}
,"C:\\React_CDP\\react-cdp\\src\\store\\reducers\\modalReducer.js": {"path":"C:\\React_CDP\\react-cdp\\src\\store\\reducers\\modalReducer.js","statementMap":{"0":{"start":{"line":6,"column":21},"end":{"line":9,"column":1}},"1":{"start":{"line":12,"column":4},"end":{"line":27,"column":5}},"2":{"start":{"line":14,"column":12},"end":{"line":18,"column":14}},"3":{"start":{"line":20,"column":12},"end":{"line":24,"column":14}},"4":{"start":{"line":26,"column":12},"end":{"line":26,"column":25}}},"fnMap":{"0":{"name":"movieReducer","decl":{"start":{"line":11,"column":24},"end":{"line":11,"column":36}},"loc":{"start":{"line":11,"column":76},"end":{"line":28,"column":1}},"line":11}},"branchMap":{"0":{"loc":{"start":{"line":11,"column":37},"end":{"line":11,"column":57}},"type":"default-arg","locations":[{"start":{"line":11,"column":45},"end":{"line":11,"column":57}}],"line":11},"1":{"loc":{"start":{"line":12,"column":4},"end":{"line":27,"column":5}},"type":"switch","locations":[{"start":{"line":13,"column":8},"end":{"line":18,"column":14}},{"start":{"line":19,"column":8},"end":{"line":24,"column":14}},{"start":{"line":25,"column":8},"end":{"line":26,"column":25}}],"line":12}},"s":{"0":1,"1":3,"2":0,"3":0,"4":3},"f":{"0":3},"b":{"0":[3],"1":[0,0,3]},"_coverageSchema":"1a1c01bbd47fc00a2c39e90264f33305004495a9","hash":"98df0fb3256ee3beff63a8c8d62678f97bea5ef5"}
,"C:\\React_CDP\\react-cdp\\src\\store\\reducers\\movieReducer.js": {"path":"C:\\React_CDP\\react-cdp\\src\\store\\reducers\\movieReducer.js","statementMap":{"0":{"start":{"line":12,"column":21},"end":{"line":24,"column":1}},"1":{"start":{"line":27,"column":4},"end":{"line":76,"column":5}},"2":{"start":{"line":29,"column":12},"end":{"line":35,"column":13}},"3":{"start":{"line":37,"column":12},"end":{"line":41,"column":13}},"4":{"start":{"line":43,"column":12},"end":{"line":47,"column":13}},"5":{"start":{"line":49,"column":12},"end":{"line":53,"column":13}},"6":{"start":{"line":51,"column":49},"end":{"line":51,"column":88}},"7":{"start":{"line":55,"column":12},"end":{"line":59,"column":13}},"8":{"start":{"line":57,"column":52},"end":{"line":57,"column":71}},"9":{"start":{"line":62,"column":12},"end":{"line":68,"column":13}},"10":{"start":{"line":70,"column":12},"end":{"line":73,"column":13}},"11":{"start":{"line":75,"column":12},"end":{"line":75,"column":25}}},"fnMap":{"0":{"name":"movieReducer","decl":{"start":{"line":26,"column":24},"end":{"line":26,"column":36}},"loc":{"start":{"line":26,"column":76},"end":{"line":77,"column":1}},"line":26},"1":{"name":"(anonymous_1)","decl":{"start":{"line":51,"column":41},"end":{"line":51,"column":42}},"loc":{"start":{"line":51,"column":49},"end":{"line":51,"column":88}},"line":51},"2":{"name":"(anonymous_2)","decl":{"start":{"line":57,"column":44},"end":{"line":57,"column":45}},"loc":{"start":{"line":57,"column":52},"end":{"line":57,"column":71}},"line":57}},"branchMap":{"0":{"loc":{"start":{"line":26,"column":37},"end":{"line":26,"column":57}},"type":"default-arg","locations":[{"start":{"line":26,"column":45},"end":{"line":26,"column":57}}],"line":26},"1":{"loc":{"start":{"line":27,"column":4},"end":{"line":76,"column":5}},"type":"switch","locations":[{"start":{"line":28,"column":8},"end":{"line":35,"column":13}},{"start":{"line":36,"column":8},"end":{"line":41,"column":13}},{"start":{"line":42,"column":8},"end":{"line":47,"column":13}},{"start":{"line":48,"column":8},"end":{"line":53,"column":13}},{"start":{"line":54,"column":8},"end":{"line":59,"column":13}},{"start":{"line":60,"column":8},"end":{"line":60,"column":34}},{"start":{"line":61,"column":8},"end":{"line":68,"column":13}},{"start":{"line":69,"column":8},"end":{"line":73,"column":13}},{"start":{"line":74,"column":8},"end":{"line":75,"column":25}}],"line":27},"2":{"loc":{"start":{"line":51,"column":49},"end":{"line":51,"column":88}},"type":"cond-expr","locations":[{"start":{"line":51,"column":74},"end":{"line":51,"column":78}},{"start":{"line":51,"column":81},"end":{"line":51,"column":88}}],"line":51}},"s":{"0":2,"1":11,"2":1,"3":1,"4":1,"5":1,"6":2,"7":1,"8":3,"9":2,"10":0,"11":4},"f":{"0":11,"1":2,"2":3},"b":{"0":[4],"1":[1,1,1,1,1,0,2,0,4],"2":[1,1]},"_coverageSchema":"1a1c01bbd47fc00a2c39e90264f33305004495a9","hash":"1e86e826314293c4d01aa5586016320a3c149831"}
,"C:\\React_CDP\\react-cdp\\src\\store\\reducers\\rootReducer.js": {"path":"C:\\React_CDP\\react-cdp\\src\\store\\reducers\\rootReducer.js","statementMap":{},"fnMap":{},"branchMap":{},"s":{},"f":{},"b":{},"_coverageSchema":"1a1c01bbd47fc00a2c39e90264f33305004495a9","hash":"77742d744333a19a194c1526b42038bba25dae66"}
}
